<?xml version="1.0" encoding="UTF-8"?>
<testng-results ignored="0" total="1" passed="1" failed="0" skipped="0">
  <reporter-output>
  </reporter-output>
  <suite started-at="2022-07-04T16:17:11 ICT" name="Suite" finished-at="2022-07-04T16:18:13 ICT" duration-ms="61751">
    <groups>
    </groups>
    <test started-at="2022-07-04T16:17:11 ICT" name="Test Case" finished-at="2022-07-04T16:18:13 ICT" duration-ms="61751">
      <class name="test.DemoTest">
        <test-method is-config="true" signature="beforeTest(java.lang.String)[pri:0, instance:test.DemoTest@5c080ef3]" started-at="2022-07-04T16:17:11 ICT" name="beforeTest" finished-at="2022-07-04T16:17:21 ICT" duration-ms="10315" status="PASS">
          <params>
            <param index="0">
              <value>
                <![CDATA[Chrome]]>
              </value>
            </param>
          </params>
          <reporter-output>
          </reporter-output>
        </test-method> <!-- beforeTest -->
        <test-method signature="Test01_TestAPI()[pri:0, instance:test.DemoTest@5c080ef3]" started-at="2022-07-04T16:17:21 ICT" name="Test01_TestAPI" description="Create project and task through API and then verify in WebUI" finished-at="2022-07-04T16:18:12 ICT" duration-ms="50442" status="PASS">
          <reporter-output>
          </reporter-output>
        </test-method> <!-- Test01_TestAPI -->
        <test-method is-config="true" signature="afterTest()[pri:0, instance:test.DemoTest@5c080ef3]" started-at="2022-07-04T16:18:12 ICT" name="afterTest" finished-at="2022-07-04T16:18:13 ICT" duration-ms="763" status="PASS">
          <reporter-output>
          </reporter-output>
        </test-method> <!-- afterTest -->
      </class> <!-- test.DemoTest -->
    </test> <!-- Test Case -->
  </suite> <!-- Suite -->
</testng-results>
