<?xml version="1.0" encoding="UTF-8"?>
<testsuite xmlns:xsi="http://www.w3.org/2001/XMLSchema-instance" xsi:noNamespaceSchemaLocation="https://maven.apache.org/surefire/maven-surefire-plugin/xsd/surefire-test-report.xsd" name="TestSuite" time="141.451" tests="33" errors="0" skipped="0" failures="11">
  <properties>
[...]
</properties>
  <testcase name="Test01_createProject" classname="test.TC_CreateProject" time="7.345"/>
  <testcase name="Test02_createProjectWithRequireField" classname="test.TC_CreateProject" time="1.598"/>
  <testcase name="Test03_createProjectWithSameBodyTwice" classname="test.TC_CreateProject" time="1.884">
    <failure message="expected [3] but found [4]" type="java.lang.AssertionError">java.lang.AssertionError: expected [3] but found [4]
	at test.TC_CreateProject.Test03_createProjectWithSameBodyTwice(TC_CreateProject.java:100)
</failure>
  </testcase>
  <testcase name="Test04_createProjectWithInvalidTypeOfName" classname="test.TC_CreateProject" time="1.865">
    <failure message="expected [400] but found [200]" type="java.lang.AssertionError">java.lang.AssertionError: expected [400] but found [200]
	at test.TC_CreateProject.Test04_createProjectWithInvalidTypeOfName(TC_CreateProject.java:115)
</failure>
  </testcase>
  <testcase name="Test05_createProjectWithoutName" classname="test.TC_CreateProject" time="2.34"/>
  <testcase name="Test06_createProjectWithInvalidValueOfOptionalFields" classname="test.TC_CreateProject" time="1.488">
    <failure message="expected [400] but found [200]" type="java.lang.AssertionError">java.lang.AssertionError: expected [400] but found [200]
	at test.TC_CreateProject.Test06_createProjectWithInvalidValueOfOptionalFields(TC_CreateProject.java:171)
</failure>
  </testcase>
  <testcase name="Test07_createProjectWithInvalidTypeOfOptionalFields" classname="test.TC_CreateProject" time="2.144">
    <failure message="expected [400] but found [200]" type="java.lang.AssertionError">java.lang.AssertionError: expected [400] but found [200]
	at test.TC_CreateProject.Test07_createProjectWithInvalidTypeOfOptionalFields(TC_CreateProject.java:195)
</failure>
  </testcase>
  <testcase name="Test08_createProjectWithUndefineField" classname="test.TC_CreateProject" time="1.969">
    <failure message="expected [400] but found [403]" type="java.lang.AssertionError">java.lang.AssertionError: expected [400] but found [403]
	at test.TC_CreateProject.Test08_createProjectWithUndefineField(TC_CreateProject.java:219)
</failure>
  </testcase>
  <testcase name="Test09_createProjectWithEmptyBody" classname="test.TC_CreateProject" time="2.106"/>
  <testcase name="Test10_createProjectWithoutToken" classname="test.TC_CreateProject" time="0.742">
    <failure message="expected [401] but found [403]" type="java.lang.AssertionError">java.lang.AssertionError: expected [401] but found [403]
	at test.TC_CreateProject.Test10_createProjectWithoutToken(TC_CreateProject.java:245)
</failure>
  </testcase>
  <testcase name="Test11_createProjectWithNonExistingToken" classname="test.TC_CreateProject" time="0.77"/>
  <testcase name="Test12_createProjectWithExpiredToken" classname="test.TC_CreateProject" time="1.046"/>
  <testcase name="Test14_createProjectWhenReachedMaximumProjects" classname="test.TC_CreateProject" time="2.777"/>
  <testcase name="Test01_getAProject" classname="test.TC_GetAProject" time="1.886"/>
  <testcase name="Test02_getAProjectWithoutToken" classname="test.TC_GetAProject" time="0.735"/>
  <testcase name="Test03_getAProjectWithNonExistingToken" classname="test.TC_GetAProject" time="0.388"/>
  <testcase name="Test04_getAProjectWithExpiredToken" classname="test.TC_GetAProject" time="0.743"/>
  <testcase name="Test06_getAProjectWithInvalidValueOfIdProject" classname="test.TC_GetAProject" time="1.666"/>
  <testcase name="Test01_updateProject" classname="test.TC_UpdateProject" time="2.082"/>
  <testcase name="Test04_updateProjectWithFieldUndefine" classname="test.TC_UpdateProject" time="1.339">
    <failure message="expected [400] but found [204]" type="java.lang.AssertionError">java.lang.AssertionError: expected [400] but found [204]
	at test.TC_UpdateProject.Test04_updateProjectWithFieldUndefine(TC_UpdateProject.java:55)
</failure>
  </testcase>
  <testcase name="Test05_updateProjectWithInvalidTypeOfOptionField" classname="test.TC_UpdateProject" time="0.989">
    <failure message="expected [400] but found [204]" type="java.lang.AssertionError">java.lang.AssertionError: expected [400] but found [204]
	at test.TC_UpdateProject.Test05_updateProjectWithInvalidTypeOfOptionField(TC_UpdateProject.java:71)
</failure>
  </testcase>
  <testcase name="Test06_updateProjectWithInvalidValueOfOptionalField" classname="test.TC_UpdateProject" time="2.853">
    <failure message="expected [400] but found [204]" type="java.lang.AssertionError">java.lang.AssertionError: expected [400] but found [204]
	at test.TC_UpdateProject.Test06_updateProjectWithInvalidValueOfOptionalField(TC_UpdateProject.java:116)
</failure>
  </testcase>
  <testcase name="Test07_updateProjectWithoutToken" classname="test.TC_UpdateProject" time="0.304">
    <failure message="expected [401] but found [403]" type="java.lang.AssertionError">java.lang.AssertionError: expected [401] but found [403]
	at test.TC_UpdateProject.Test07_updateProjectWithoutToken(TC_UpdateProject.java:129)
</failure>
  </testcase>
  <testcase name="Test08_updateProjectWithNonExistingToken" classname="test.TC_UpdateProject" time="0.715"/>
  <testcase name="Test09_updateProjectWithExpiredToken" classname="test.TC_UpdateProject" time="0.701"/>
  <testcase name="Test11_updateProjectWithEmptyBody" classname="test.TC_UpdateProject" time="1.601"/>
  <testcase name="Test01_getAllProject" classname="test.TC_GetAllProject" time="1.645"/>
  <testcase name="Test02_getAllProjectWhenNonExistingProject" classname="test.TC_GetAllProject" time="1.703"/>
  <testcase name="Test03_getAllProjectWithoutToken" classname="test.TC_GetAllProject" time="0.698">
    <failure message="expected [401] but found [403]" type="java.lang.AssertionError">java.lang.AssertionError: expected [401] but found [403]
	at test.TC_GetAllProject.Test03_getAllProjectWithoutToken(TC_GetAllProject.java:47)
</failure>
  </testcase>
  <testcase name="Test04_getAllProjectWithNonExistingToken" classname="test.TC_GetAllProject" time="0.697"/>
  <testcase name="Test05_getAllProjectWithExpiredToken" classname="test.TC_GetAllProject" time="0.757"/>
  <testcase name="TC01_DeleteAllProjects" classname="test.TC_DeleteProject" time="6.271"/>
  <testcase name="Test2B_createProjectAndTaskThenVerifyInUI" classname="test.TC_DemoTest2B" time="69.216"/>
</testsuite>